  [1m[35m (320.7ms)[0m  [1m[35mCREATE DATABASE "reddit_clone_development" ENCODING = 'unicode'[0m
  ↳ bin/rails:9
  [1m[35m (256.2ms)[0m  [1m[35mCREATE DATABASE "reddit_clone_test" ENCODING = 'unicode'[0m
  ↳ bin/rails:9
  [1m[35m (5.8ms)[0m  [1m[35mCREATE TABLE "schema_migrations" ("version" character varying NOT NULL PRIMARY KEY)[0m
  ↳ bin/rails:9
  [1m[35m (3.9ms)[0m  [1m[35mCREATE TABLE "ar_internal_metadata" ("key" character varying NOT NULL PRIMARY KEY, "value" character varying, "created_at" timestamp NOT NULL, "updated_at" timestamp NOT NULL)[0m
  ↳ bin/rails:9
  [1m[35m (0.2ms)[0m  [1m[34mSELECT pg_try_advisory_lock(688274183373989625)[0m
  ↳ bin/rails:9
  [1m[35m (0.3ms)[0m  [1m[34mSELECT "schema_migrations"."version" FROM "schema_migrations" ORDER BY "schema_migrations"."version" ASC[0m
  ↳ bin/rails:9
Migrating to CreateUsers (20211015205411)
  [1m[35m (0.3ms)[0m  [1m[35mBEGIN[0m
  ↳ bin/rails:9
  [1m[35m (4.5ms)[0m  [1m[35mCREATE TABLE "users" ("id" bigserial primary key, "username" character varying NOT NULL, "session_token" character varying NOT NULL, "password_digest" character varying NOT NULL, "created_at" timestamp NOT NULL, "updated_at" timestamp NOT NULL)[0m
  ↳ db/migrate/20211015205411_create_users.rb:3
  [1m[35m (2.1ms)[0m  [1m[35mCREATE UNIQUE INDEX  "index_users_on_username" ON "users"  ("username")[0m
  ↳ db/migrate/20211015205411_create_users.rb:9
  [1m[35m (1.8ms)[0m  [1m[35mCREATE UNIQUE INDEX  "index_users_on_session_token" ON "users"  ("session_token")[0m
  ↳ db/migrate/20211015205411_create_users.rb:10
  [1m[36mActiveRecord::SchemaMigration Create (0.4ms)[0m  [1m[32mINSERT INTO "schema_migrations" ("version") VALUES ($1) RETURNING "version"[0m  [["version", "20211015205411"]]
  ↳ bin/rails:9
  [1m[35m (0.9ms)[0m  [1m[35mCOMMIT[0m
  ↳ bin/rails:9
  [1m[36mActiveRecord::InternalMetadata Load (0.3ms)[0m  [1m[34mSELECT  "ar_internal_metadata".* FROM "ar_internal_metadata" WHERE "ar_internal_metadata"."key" = $1 LIMIT $2[0m  [["key", "environment"], ["LIMIT", 1]]
  ↳ bin/rails:9
  [1m[35m (1.1ms)[0m  [1m[35mBEGIN[0m
  ↳ bin/rails:9
  [1m[36mActiveRecord::InternalMetadata Create (0.5ms)[0m  [1m[32mINSERT INTO "ar_internal_metadata" ("key", "value", "created_at", "updated_at") VALUES ($1, $2, $3, $4) RETURNING "key"[0m  [["key", "environment"], ["value", "development"], ["created_at", "2021-10-15 20:55:43.961835"], ["updated_at", "2021-10-15 20:55:43.961835"]]
  ↳ bin/rails:9
  [1m[35m (0.9ms)[0m  [1m[35mCOMMIT[0m
  ↳ bin/rails:9
  [1m[35m (0.4ms)[0m  [1m[34mSELECT pg_advisory_unlock(688274183373989625)[0m
  ↳ bin/rails:9
  [1m[35m (0.3ms)[0m  [1m[34mSELECT "schema_migrations"."version" FROM "schema_migrations" ORDER BY "schema_migrations"."version" ASC[0m
  ↳ bin/rails:9
  [1m[35m (0.3ms)[0m  [1m[34mSELECT "schema_migrations"."version" FROM "schema_migrations" ORDER BY "schema_migrations"."version" ASC[0m
  ↳ /home/emmetthe/.rbenv/versions/2.5.1/bin/annotate:23
  [1m[35m (92.2ms)[0m  [1m[35mCREATE DATABASE "reddit_clone_development" ENCODING = 'unicode'[0m
  ↳ bin/rails:9
  [1m[35m (41.3ms)[0m  [1m[35mCREATE DATABASE "reddit_clone_test" ENCODING = 'unicode'[0m
  ↳ bin/rails:9
  [1m[35mSQL (1.0ms)[0m  [1m[35mCREATE EXTENSION IF NOT EXISTS "plpgsql"[0m
  ↳ db/schema.rb:16
  [1m[35m (0.9ms)[0m  [1m[35mDROP TABLE IF EXISTS "users" CASCADE[0m
  ↳ db/schema.rb:18
  [1m[35m (10.6ms)[0m  [1m[35mCREATE TABLE "users" ("id" bigserial primary key, "username" character varying NOT NULL, "session_token" character varying NOT NULL, "password_digest" character varying NOT NULL, "created_at" timestamp NOT NULL, "updated_at" timestamp NOT NULL)[0m
  ↳ db/schema.rb:18
  [1m[35m (1.1ms)[0m  [1m[35mCREATE UNIQUE INDEX  "index_users_on_session_token" ON "users"  ("session_token")[0m
  ↳ db/schema.rb:18
  [1m[35m (0.5ms)[0m  [1m[35mCREATE UNIQUE INDEX  "index_users_on_username" ON "users"  ("username")[0m
  ↳ db/schema.rb:18
  [1m[35m (2.0ms)[0m  [1m[35mCREATE TABLE "schema_migrations" ("version" character varying NOT NULL PRIMARY KEY)[0m
  ↳ db/schema.rb:13
  [1m[35m (0.6ms)[0m  [1m[34mSELECT "schema_migrations"."version" FROM "schema_migrations" ORDER BY "schema_migrations"."version" ASC[0m
  ↳ db/schema.rb:13
  [1m[35m (0.9ms)[0m  [1m[32mINSERT INTO "schema_migrations" (version) VALUES (20211015205411)[0m
  ↳ db/schema.rb:13
  [1m[35m (1.9ms)[0m  [1m[35mCREATE TABLE "ar_internal_metadata" ("key" character varying NOT NULL PRIMARY KEY, "value" character varying, "created_at" timestamp NOT NULL, "updated_at" timestamp NOT NULL)[0m
  ↳ db/schema.rb:13
  [1m[36mActiveRecord::InternalMetadata Load (0.7ms)[0m  [1m[34mSELECT  "ar_internal_metadata".* FROM "ar_internal_metadata" WHERE "ar_internal_metadata"."key" = $1 LIMIT $2[0m  [["key", "environment"], ["LIMIT", 1]]
  ↳ db/schema.rb:13
  [1m[35m (1.3ms)[0m  [1m[35mBEGIN[0m
  ↳ db/schema.rb:13
  [1m[36mActiveRecord::InternalMetadata Create (1.3ms)[0m  [1m[32mINSERT INTO "ar_internal_metadata" ("key", "value", "created_at", "updated_at") VALUES ($1, $2, $3, $4) RETURNING "key"[0m  [["key", "environment"], ["value", "development"], ["created_at", "2021-10-15 21:18:42.342790"], ["updated_at", "2021-10-15 21:18:42.342790"]]
  ↳ db/schema.rb:13
  [1m[35m (0.2ms)[0m  [1m[35mCOMMIT[0m
  ↳ db/schema.rb:13
  [1m[36mActiveRecord::InternalMetadata Load (0.5ms)[0m  [1m[34mSELECT  "ar_internal_metadata".* FROM "ar_internal_metadata" WHERE "ar_internal_metadata"."key" = $1 LIMIT $2[0m  [["key", "environment"], ["LIMIT", 1]]
  ↳ bin/rails:9
  [1m[35m (0.1ms)[0m  [1m[35mBEGIN[0m
  ↳ bin/rails:9
  [1m[35m (0.0ms)[0m  [1m[35mCOMMIT[0m
  ↳ bin/rails:9
  [1m[35mSQL (0.2ms)[0m  [1m[35mCREATE EXTENSION IF NOT EXISTS "plpgsql"[0m
  ↳ db/schema.rb:16
  [1m[35m (0.4ms)[0m  [1m[35mDROP TABLE IF EXISTS "users" CASCADE[0m
  ↳ db/schema.rb:18
  [1m[35m (8.4ms)[0m  [1m[35mCREATE TABLE "users" ("id" bigserial primary key, "username" character varying NOT NULL, "session_token" character varying NOT NULL, "password_digest" character varying NOT NULL, "created_at" timestamp NOT NULL, "updated_at" timestamp NOT NULL)[0m
  ↳ db/schema.rb:18
  [1m[35m (5.0ms)[0m  [1m[35mCREATE UNIQUE INDEX  "index_users_on_session_token" ON "users"  ("session_token")[0m
  ↳ db/schema.rb:18
  [1m[35m (1.0ms)[0m  [1m[35mCREATE UNIQUE INDEX  "index_users_on_username" ON "users"  ("username")[0m
  ↳ db/schema.rb:18
  [1m[35m (2.7ms)[0m  [1m[35mCREATE TABLE "schema_migrations" ("version" character varying NOT NULL PRIMARY KEY)[0m
  ↳ db/schema.rb:13
  [1m[35m (0.4ms)[0m  [1m[34mSELECT "schema_migrations"."version" FROM "schema_migrations" ORDER BY "schema_migrations"."version" ASC[0m
  ↳ db/schema.rb:13
  [1m[35m (0.3ms)[0m  [1m[32mINSERT INTO "schema_migrations" (version) VALUES (20211015205411)[0m
  ↳ db/schema.rb:13
  [1m[35m (2.2ms)[0m  [1m[35mCREATE TABLE "ar_internal_metadata" ("key" character varying NOT NULL PRIMARY KEY, "value" character varying, "created_at" timestamp NOT NULL, "updated_at" timestamp NOT NULL)[0m
  ↳ db/schema.rb:13
  [1m[36mActiveRecord::InternalMetadata Load (0.3ms)[0m  [1m[34mSELECT  "ar_internal_metadata".* FROM "ar_internal_metadata" WHERE "ar_internal_metadata"."key" = $1 LIMIT $2[0m  [["key", "environment"], ["LIMIT", 1]]
  ↳ db/schema.rb:13
  [1m[35m (0.1ms)[0m  [1m[35mBEGIN[0m
  ↳ db/schema.rb:13
  [1m[36mActiveRecord::InternalMetadata Create (0.2ms)[0m  [1m[32mINSERT INTO "ar_internal_metadata" ("key", "value", "created_at", "updated_at") VALUES ($1, $2, $3, $4) RETURNING "key"[0m  [["key", "environment"], ["value", "development"], ["created_at", "2021-10-15 21:18:42.398982"], ["updated_at", "2021-10-15 21:18:42.398982"]]
  ↳ db/schema.rb:13
  [1m[35m (0.1ms)[0m  [1m[35mCOMMIT[0m
  ↳ db/schema.rb:13
  [1m[36mActiveRecord::InternalMetadata Load (0.1ms)[0m  [1m[34mSELECT  "ar_internal_metadata".* FROM "ar_internal_metadata" WHERE "ar_internal_metadata"."key" = $1 LIMIT $2[0m  [["key", "environment"], ["LIMIT", 1]]
  ↳ bin/rails:9
  [1m[35m (0.0ms)[0m  [1m[35mBEGIN[0m
  ↳ bin/rails:9
  [1m[36mActiveRecord::InternalMetadata Update (0.2ms)[0m  [1m[33mUPDATE "ar_internal_metadata" SET "value" = $1, "updated_at" = $2 WHERE "ar_internal_metadata"."key" = $3[0m  [["value", "test"], ["updated_at", "2021-10-15 21:18:42.400687"], ["key", "environment"]]
  ↳ bin/rails:9
  [1m[35m (0.1ms)[0m  [1m[35mCOMMIT[0m
  ↳ bin/rails:9
  [1m[35m (0.7ms)[0m  [1m[34mSELECT "schema_migrations"."version" FROM "schema_migrations" ORDER BY "schema_migrations"."version" ASC[0m
  ↳ bin/rails:9
  [1m[35m (1.4ms)[0m  [1m[34mSELECT "schema_migrations"."version" FROM "schema_migrations" ORDER BY "schema_migrations"."version" ASC[0m
  ↳ bin/rails:9
  [1m[35m (0.3ms)[0m  [1m[34mSELECT pg_try_advisory_lock(688274183373989625)[0m
  ↳ bin/rails:9
  [1m[35m (0.5ms)[0m  [1m[34mSELECT "schema_migrations"."version" FROM "schema_migrations" ORDER BY "schema_migrations"."version" ASC[0m
  ↳ bin/rails:9
Migrating to CreateSubs (20211015214120)
  [1m[35m (0.2ms)[0m  [1m[35mBEGIN[0m
  ↳ bin/rails:9
  [1m[35m (4.9ms)[0m  [1m[35mCREATE TABLE "subs" ("id" bigserial primary key, "title" character varying NOT NULL, "description" character varying NOT NULL, "mod_id" integer NOT NULL, "created_at" timestamp NOT NULL, "updated_at" timestamp NOT NULL)[0m
  ↳ db/migrate/20211015214120_create_subs.rb:3
  [1m[35m (2.0ms)[0m  [1m[35mCREATE UNIQUE INDEX  "index_subs_on_title" ON "subs"  ("title")[0m
  ↳ db/migrate/20211015214120_create_subs.rb:9
  [1m[35m (1.9ms)[0m  [1m[35mCREATE  INDEX  "index_subs_on_mod_id" ON "subs"  ("mod_id")[0m
  ↳ db/migrate/20211015214120_create_subs.rb:10
  [1m[36mActiveRecord::SchemaMigration Create (0.3ms)[0m  [1m[32mINSERT INTO "schema_migrations" ("version") VALUES ($1) RETURNING "version"[0m  [["version", "20211015214120"]]
  ↳ bin/rails:9
  [1m[35m (1.0ms)[0m  [1m[35mCOMMIT[0m
  ↳ bin/rails:9
  [1m[36mActiveRecord::InternalMetadata Load (0.2ms)[0m  [1m[34mSELECT  "ar_internal_metadata".* FROM "ar_internal_metadata" WHERE "ar_internal_metadata"."key" = $1 LIMIT $2[0m  [["key", "environment"], ["LIMIT", 1]]
  ↳ bin/rails:9
  [1m[35m (0.1ms)[0m  [1m[35mBEGIN[0m
  ↳ bin/rails:9
  [1m[35m (0.1ms)[0m  [1m[35mCOMMIT[0m
  ↳ bin/rails:9
  [1m[35m (0.2ms)[0m  [1m[34mSELECT pg_advisory_unlock(688274183373989625)[0m
  ↳ bin/rails:9
  [1m[35m (0.2ms)[0m  [1m[34mSELECT "schema_migrations"."version" FROM "schema_migrations" ORDER BY "schema_migrations"."version" ASC[0m
  ↳ bin/rails:9
  [1m[35m (0.3ms)[0m  [1m[34mSELECT "schema_migrations"."version" FROM "schema_migrations" ORDER BY "schema_migrations"."version" ASC[0m
  ↳ /home/emmetthe/.rbenv/versions/2.5.1/bin/annotate:23
  [1m[35m (0.1ms)[0m  [1m[34mSELECT pg_try_advisory_lock(688274183373989625)[0m
  ↳ bin/rails:9
  [1m[35m (0.3ms)[0m  [1m[34mSELECT "schema_migrations"."version" FROM "schema_migrations" ORDER BY "schema_migrations"."version" ASC[0m
  ↳ bin/rails:9
Migrating to CreatePosts (20211015222047)
  [1m[35m (0.2ms)[0m  [1m[35mBEGIN[0m
  ↳ bin/rails:9
  [1m[35m (8.7ms)[0m  [1m[35mCREATE TABLE "posts" ("id" bigserial primary key, "title" character varying NOT NULL, "url" character varying, "content" character varying, "sub_id" integer NOT NULL, "author_id" integer NOT NULL, "created_at" timestamp NOT NULL, "updated_at" timestamp NOT NULL)[0m
  ↳ db/migrate/20211015222047_create_posts.rb:3
  [1m[35m (2.1ms)[0m  [1m[35mCREATE  INDEX  "index_posts_on_sub_id" ON "posts"  ("sub_id")[0m
  ↳ db/migrate/20211015222047_create_posts.rb:11
  [1m[35m (2.4ms)[0m  [1m[35mCREATE  INDEX  "index_posts_on_author_id" ON "posts"  ("author_id")[0m
  ↳ db/migrate/20211015222047_create_posts.rb:12
  [1m[36mActiveRecord::SchemaMigration Create (0.2ms)[0m  [1m[32mINSERT INTO "schema_migrations" ("version") VALUES ($1) RETURNING "version"[0m  [["version", "20211015222047"]]
  ↳ bin/rails:9
  [1m[35m (0.8ms)[0m  [1m[35mCOMMIT[0m
  ↳ bin/rails:9
  [1m[36mActiveRecord::InternalMetadata Load (0.2ms)[0m  [1m[34mSELECT  "ar_internal_metadata".* FROM "ar_internal_metadata" WHERE "ar_internal_metadata"."key" = $1 LIMIT $2[0m  [["key", "environment"], ["LIMIT", 1]]
  ↳ bin/rails:9
  [1m[35m (0.2ms)[0m  [1m[35mBEGIN[0m
  ↳ bin/rails:9
  [1m[35m (0.3ms)[0m  [1m[35mCOMMIT[0m
  ↳ bin/rails:9
  [1m[35m (0.5ms)[0m  [1m[34mSELECT pg_advisory_unlock(688274183373989625)[0m
  ↳ bin/rails:9
  [1m[35m (0.3ms)[0m  [1m[34mSELECT "schema_migrations"."version" FROM "schema_migrations" ORDER BY "schema_migrations"."version" ASC[0m
  ↳ bin/rails:9
  [1m[35m (0.8ms)[0m  [1m[34mSELECT "schema_migrations"."version" FROM "schema_migrations" ORDER BY "schema_migrations"."version" ASC[0m
  ↳ /home/emmetthe/.rbenv/versions/2.5.1/bin/annotate:23
  [1m[35m (2.8ms)[0m  [1m[35mCREATE DATABASE "reddit_clone_development" ENCODING = 'unicode'[0m
  ↳ bin/rails:9
  [1m[35m (1.1ms)[0m  [1m[35mCREATE DATABASE "reddit_clone_test" ENCODING = 'unicode'[0m
  ↳ bin/rails:9
  [1m[35m (0.9ms)[0m  [1m[34mSELECT "schema_migrations"."version" FROM "schema_migrations" ORDER BY "schema_migrations"."version" ASC[0m
  ↳ bin/rails:9
  [1m[35m (0.6ms)[0m  [1m[34mSELECT "ar_internal_metadata"."value" FROM "ar_internal_metadata" WHERE "ar_internal_metadata"."key" = $1[0m  [["key", "environment"]]
  ↳ bin/rails:9
  [1m[35m (0.2ms)[0m  [1m[34mSELECT "schema_migrations"."version" FROM "schema_migrations" ORDER BY "schema_migrations"."version" ASC[0m
  ↳ bin/rails:9
  [1m[35m (0.1ms)[0m  [1m[34mSELECT "ar_internal_metadata"."value" FROM "ar_internal_metadata" WHERE "ar_internal_metadata"."key" = $1[0m  [["key", "environment"]]
  ↳ bin/rails:9
  [1m[35m (0.1ms)[0m  [1m[34mSELECT "schema_migrations"."version" FROM "schema_migrations" ORDER BY "schema_migrations"."version" ASC[0m
  ↳ bin/rails:9
  [1m[35m (0.1ms)[0m  [1m[34mSELECT "ar_internal_metadata"."value" FROM "ar_internal_metadata" WHERE "ar_internal_metadata"."key" = $1[0m  [["key", "environment"]]
  ↳ bin/rails:9
  [1m[35mSQL (1.0ms)[0m  [1m[35mCREATE EXTENSION IF NOT EXISTS "plpgsql"[0m
  ↳ db/schema.rb:16
  [1m[35m (0.8ms)[0m  [1m[35mDROP TABLE IF EXISTS "posts" CASCADE[0m
  ↳ db/schema.rb:18
  [1m[35m (15.2ms)[0m  [1m[35mCREATE TABLE "posts" ("id" bigserial primary key, "title" character varying NOT NULL, "url" character varying, "content" character varying, "sub_id" integer NOT NULL, "author_id" integer NOT NULL, "created_at" timestamp NOT NULL, "updated_at" timestamp NOT NULL)[0m
  ↳ db/schema.rb:18
  [1m[35m (1.3ms)[0m  [1m[35mCREATE  INDEX  "index_posts_on_author_id" ON "posts"  ("author_id")[0m
  ↳ db/schema.rb:18
  [1m[35m (0.7ms)[0m  [1m[35mCREATE  INDEX  "index_posts_on_sub_id" ON "posts"  ("sub_id")[0m
  ↳ db/schema.rb:18
  [1m[35m (0.1ms)[0m  [1m[35mDROP TABLE IF EXISTS "subs" CASCADE[0m
  ↳ db/schema.rb:30
  [1m[35m (3.6ms)[0m  [1m[35mCREATE TABLE "subs" ("id" bigserial primary key, "title" character varying NOT NULL, "description" character varying NOT NULL, "mod_id" integer NOT NULL, "created_at" timestamp NOT NULL, "updated_at" timestamp NOT NULL)[0m
  ↳ db/schema.rb:30
  [1m[35m (0.5ms)[0m  [1m[35mCREATE  INDEX  "index_subs_on_mod_id" ON "subs"  ("mod_id")[0m
  ↳ db/schema.rb:30
  [1m[35m (0.9ms)[0m  [1m[35mCREATE UNIQUE INDEX  "index_subs_on_title" ON "subs"  ("title")[0m
  ↳ db/schema.rb:30
  [1m[35m (3.8ms)[0m  [1m[35mDROP TABLE IF EXISTS "users" CASCADE[0m
  ↳ db/schema.rb:40
  [1m[35m (3.2ms)[0m  [1m[35mCREATE TABLE "users" ("id" bigserial primary key, "username" character varying NOT NULL, "session_token" character varying NOT NULL, "password_digest" character varying NOT NULL, "created_at" timestamp NOT NULL, "updated_at" timestamp NOT NULL)[0m
  ↳ db/schema.rb:40
  [1m[35m (0.5ms)[0m  [1m[35mCREATE UNIQUE INDEX  "index_users_on_session_token" ON "users"  ("session_token")[0m
  ↳ db/schema.rb:40
  [1m[35m (0.6ms)[0m  [1m[35mCREATE UNIQUE INDEX  "index_users_on_username" ON "users"  ("username")[0m
  ↳ db/schema.rb:40
  [1m[35m (1.2ms)[0m  [1m[34mSELECT "schema_migrations"."version" FROM "schema_migrations" ORDER BY "schema_migrations"."version" ASC[0m
  ↳ db/schema.rb:13
  [1m[35m (1.0ms)[0m  [1m[32mINSERT INTO "schema_migrations" (version) VALUES (20211015222047)[0m
  ↳ db/schema.rb:13
  [1m[35m (0.2ms)[0m  [1m[32mINSERT INTO "schema_migrations" (version) VALUES
(20211015214120);

[0m
  ↳ db/schema.rb:13
  [1m[36mActiveRecord::InternalMetadata Load (0.9ms)[0m  [1m[34mSELECT  "ar_internal_metadata".* FROM "ar_internal_metadata" WHERE "ar_internal_metadata"."key" = $1 LIMIT $2[0m  [["key", "environment"], ["LIMIT", 1]]
  ↳ db/schema.rb:13
  [1m[35m (0.2ms)[0m  [1m[35mBEGIN[0m
  ↳ db/schema.rb:13
  [1m[35m (0.1ms)[0m  [1m[35mCOMMIT[0m
  ↳ db/schema.rb:13
  [1m[36mActiveRecord::InternalMetadata Load (0.2ms)[0m  [1m[34mSELECT  "ar_internal_metadata".* FROM "ar_internal_metadata" WHERE "ar_internal_metadata"."key" = $1 LIMIT $2[0m  [["key", "environment"], ["LIMIT", 1]]
  ↳ bin/rails:9
  [1m[35m (0.1ms)[0m  [1m[35mBEGIN[0m
  ↳ bin/rails:9
  [1m[35m (0.0ms)[0m  [1m[35mCOMMIT[0m
  ↳ bin/rails:9
  [1m[35mSQL (2.7ms)[0m  [1m[35mCREATE EXTENSION IF NOT EXISTS "plpgsql"[0m
  ↳ db/schema.rb:16
  [1m[35m (0.3ms)[0m  [1m[35mDROP TABLE IF EXISTS "posts" CASCADE[0m
  ↳ db/schema.rb:18
  [1m[35m (5.9ms)[0m  [1m[35mCREATE TABLE "posts" ("id" bigserial primary key, "title" character varying NOT NULL, "url" character varying, "content" character varying, "sub_id" integer NOT NULL, "author_id" integer NOT NULL, "created_at" timestamp NOT NULL, "updated_at" timestamp NOT NULL)[0m
  ↳ db/schema.rb:18
  [1m[35m (2.3ms)[0m  [1m[35mCREATE  INDEX  "index_posts_on_author_id" ON "posts"  ("author_id")[0m
  ↳ db/schema.rb:18
  [1m[35m (0.9ms)[0m  [1m[35mCREATE  INDEX  "index_posts_on_sub_id" ON "posts"  ("sub_id")[0m
  ↳ db/schema.rb:18
  [1m[35m (0.2ms)[0m  [1m[35mDROP TABLE IF EXISTS "subs" CASCADE[0m
  ↳ db/schema.rb:30
  [1m[35m (4.5ms)[0m  [1m[35mCREATE TABLE "subs" ("id" bigserial primary key, "title" character varying NOT NULL, "description" character varying NOT NULL, "mod_id" integer NOT NULL, "created_at" timestamp NOT NULL, "updated_at" timestamp NOT NULL)[0m
  ↳ db/schema.rb:30
  [1m[35m (1.1ms)[0m  [1m[35mCREATE  INDEX  "index_subs_on_mod_id" ON "subs"  ("mod_id")[0m
  ↳ db/schema.rb:30
  [1m[35m (0.8ms)[0m  [1m[35mCREATE UNIQUE INDEX  "index_subs_on_title" ON "subs"  ("title")[0m
  ↳ db/schema.rb:30
  [1m[35m (4.2ms)[0m  [1m[35mDROP TABLE IF EXISTS "users" CASCADE[0m
  ↳ db/schema.rb:40
  [1m[35m (7.0ms)[0m  [1m[35mCREATE TABLE "users" ("id" bigserial primary key, "username" character varying NOT NULL, "session_token" character varying NOT NULL, "password_digest" character varying NOT NULL, "created_at" timestamp NOT NULL, "updated_at" timestamp NOT NULL)[0m
  ↳ db/schema.rb:40
  [1m[35m (0.8ms)[0m  [1m[35mCREATE UNIQUE INDEX  "index_users_on_session_token" ON "users"  ("session_token")[0m
  ↳ db/schema.rb:40
  [1m[35m (0.9ms)[0m  [1m[35mCREATE UNIQUE INDEX  "index_users_on_username" ON "users"  ("username")[0m
  ↳ db/schema.rb:40
  [1m[35m (0.5ms)[0m  [1m[34mSELECT "schema_migrations"."version" FROM "schema_migrations" ORDER BY "schema_migrations"."version" ASC[0m
  ↳ db/schema.rb:13
  [1m[35m (0.3ms)[0m  [1m[32mINSERT INTO "schema_migrations" (version) VALUES (20211015222047)[0m
  ↳ db/schema.rb:13
  [1m[35m (0.1ms)[0m  [1m[32mINSERT INTO "schema_migrations" (version) VALUES
(20211015214120);

[0m
  ↳ db/schema.rb:13
  [1m[36mActiveRecord::InternalMetadata Load (0.4ms)[0m  [1m[34mSELECT  "ar_internal_metadata".* FROM "ar_internal_metadata" WHERE "ar_internal_metadata"."key" = $1 LIMIT $2[0m  [["key", "environment"], ["LIMIT", 1]]
  ↳ db/schema.rb:13
  [1m[35m (0.1ms)[0m  [1m[35mBEGIN[0m
  ↳ db/schema.rb:13
  [1m[36mActiveRecord::InternalMetadata Update (2.3ms)[0m  [1m[33mUPDATE "ar_internal_metadata" SET "value" = $1, "updated_at" = $2 WHERE "ar_internal_metadata"."key" = $3[0m  [["value", "development"], ["updated_at", "2021-10-15 22:36:30.251795"], ["key", "environment"]]
  ↳ db/schema.rb:13
  [1m[35m (0.2ms)[0m  [1m[35mCOMMIT[0m
  ↳ db/schema.rb:13
  [1m[36mActiveRecord::InternalMetadata Load (0.1ms)[0m  [1m[34mSELECT  "ar_internal_metadata".* FROM "ar_internal_metadata" WHERE "ar_internal_metadata"."key" = $1 LIMIT $2[0m  [["key", "environment"], ["LIMIT", 1]]
  ↳ bin/rails:9
  [1m[35m (0.0ms)[0m  [1m[35mBEGIN[0m
  ↳ bin/rails:9
  [1m[36mActiveRecord::InternalMetadata Update (0.2ms)[0m  [1m[33mUPDATE "ar_internal_metadata" SET "value" = $1, "updated_at" = $2 WHERE "ar_internal_metadata"."key" = $3[0m  [["value", "test"], ["updated_at", "2021-10-15 22:36:30.258137"], ["key", "environment"]]
  ↳ bin/rails:9
  [1m[35m (0.1ms)[0m  [1m[35mCOMMIT[0m
  ↳ bin/rails:9
  [1m[35m (0.9ms)[0m  [1m[34mSELECT "schema_migrations"."version" FROM "schema_migrations" ORDER BY "schema_migrations"."version" ASC[0m
  ↳ bin/rails:9
  [1m[35m (5.8ms)[0m  [1m[35mCREATE DATABASE "reddit_clone_development" ENCODING = 'unicode'[0m
  ↳ bin/rails:9
  [1m[35m (1.3ms)[0m  [1m[35mCREATE DATABASE "reddit_clone_test" ENCODING = 'unicode'[0m
  ↳ bin/rails:9
  [1m[35m (0.8ms)[0m  [1m[34mSELECT "schema_migrations"."version" FROM "schema_migrations" ORDER BY "schema_migrations"."version" ASC[0m
  ↳ bin/rails:9
  [1m[35m (0.4ms)[0m  [1m[34mSELECT "ar_internal_metadata"."value" FROM "ar_internal_metadata" WHERE "ar_internal_metadata"."key" = $1[0m  [["key", "environment"]]
  ↳ bin/rails:9
  [1m[35m (0.2ms)[0m  [1m[34mSELECT "schema_migrations"."version" FROM "schema_migrations" ORDER BY "schema_migrations"."version" ASC[0m
  ↳ bin/rails:9
  [1m[35m (0.3ms)[0m  [1m[34mSELECT "ar_internal_metadata"."value" FROM "ar_internal_metadata" WHERE "ar_internal_metadata"."key" = $1[0m  [["key", "environment"]]
  ↳ bin/rails:9
  [1m[35m (0.1ms)[0m  [1m[34mSELECT "schema_migrations"."version" FROM "schema_migrations" ORDER BY "schema_migrations"."version" ASC[0m
  ↳ bin/rails:9
  [1m[35m (0.1ms)[0m  [1m[34mSELECT "ar_internal_metadata"."value" FROM "ar_internal_metadata" WHERE "ar_internal_metadata"."key" = $1[0m  [["key", "environment"]]
  ↳ bin/rails:9
  [1m[35mSQL (1.1ms)[0m  [1m[35mCREATE EXTENSION IF NOT EXISTS "plpgsql"[0m
  ↳ db/schema.rb:16
  [1m[35m (8.6ms)[0m  [1m[35mDROP TABLE IF EXISTS "posts" CASCADE[0m
  ↳ db/schema.rb:18
  [1m[35m (8.1ms)[0m  [1m[35mCREATE TABLE "posts" ("id" bigserial primary key, "title" character varying NOT NULL, "url" character varying, "content" character varying, "sub_id" integer NOT NULL, "author_id" integer NOT NULL, "created_at" timestamp NOT NULL, "updated_at" timestamp NOT NULL)[0m
  ↳ db/schema.rb:18
  [1m[35m (0.8ms)[0m  [1m[35mCREATE  INDEX  "index_posts_on_author_id" ON "posts"  ("author_id")[0m
  ↳ db/schema.rb:18
  [1m[35m (0.9ms)[0m  [1m[35mCREATE  INDEX  "index_posts_on_sub_id" ON "posts"  ("sub_id")[0m
  ↳ db/schema.rb:18
  [1m[35m (2.4ms)[0m  [1m[35mDROP TABLE IF EXISTS "subs" CASCADE[0m
  ↳ db/schema.rb:30
  [1m[35m (2.8ms)[0m  [1m[35mCREATE TABLE "subs" ("id" bigserial primary key, "title" character varying NOT NULL, "description" character varying NOT NULL, "mod_id" integer NOT NULL, "created_at" timestamp NOT NULL, "updated_at" timestamp NOT NULL)[0m
  ↳ db/schema.rb:30
  [1m[35m (0.7ms)[0m  [1m[35mCREATE  INDEX  "index_subs_on_mod_id" ON "subs"  ("mod_id")[0m
  ↳ db/schema.rb:30
  [1m[35m (0.9ms)[0m  [1m[35mCREATE UNIQUE INDEX  "index_subs_on_title" ON "subs"  ("title")[0m
  ↳ db/schema.rb:30
  [1m[35m (2.1ms)[0m  [1m[35mDROP TABLE IF EXISTS "users" CASCADE[0m
  ↳ db/schema.rb:40
  [1m[35m (3.5ms)[0m  [1m[35mCREATE TABLE "users" ("id" bigserial primary key, "username" character varying NOT NULL, "session_token" character varying NOT NULL, "password_digest" character varying NOT NULL, "created_at" timestamp NOT NULL, "updated_at" timestamp NOT NULL)[0m
  ↳ db/schema.rb:40
  [1m[35m (0.8ms)[0m  [1m[35mCREATE UNIQUE INDEX  "index_users_on_session_token" ON "users"  ("session_token")[0m
  ↳ db/schema.rb:40
  [1m[35m (0.7ms)[0m  [1m[35mCREATE UNIQUE INDEX  "index_users_on_username" ON "users"  ("username")[0m
  ↳ db/schema.rb:40
  [1m[35m (0.6ms)[0m  [1m[34mSELECT "schema_migrations"."version" FROM "schema_migrations" ORDER BY "schema_migrations"."version" ASC[0m
  ↳ db/schema.rb:13
  [1m[36mActiveRecord::InternalMetadata Load (2.2ms)[0m  [1m[34mSELECT  "ar_internal_metadata".* FROM "ar_internal_metadata" WHERE "ar_internal_metadata"."key" = $1 LIMIT $2[0m  [["key", "environment"], ["LIMIT", 1]]
  ↳ db/schema.rb:13
  [1m[35m (0.2ms)[0m  [1m[35mBEGIN[0m
  ↳ db/schema.rb:13
  [1m[35m (0.1ms)[0m  [1m[35mCOMMIT[0m
  ↳ db/schema.rb:13
  [1m[36mActiveRecord::InternalMetadata Load (0.1ms)[0m  [1m[34mSELECT  "ar_internal_metadata".* FROM "ar_internal_metadata" WHERE "ar_internal_metadata"."key" = $1 LIMIT $2[0m  [["key", "environment"], ["LIMIT", 1]]
  ↳ bin/rails:9
  [1m[35m (0.1ms)[0m  [1m[35mBEGIN[0m
  ↳ bin/rails:9
  [1m[35m (0.0ms)[0m  [1m[35mCOMMIT[0m
  ↳ bin/rails:9
  [1m[35mSQL (0.2ms)[0m  [1m[35mCREATE EXTENSION IF NOT EXISTS "plpgsql"[0m
  ↳ db/schema.rb:16
  [1m[35m (4.1ms)[0m  [1m[35mDROP TABLE IF EXISTS "posts" CASCADE[0m
  ↳ db/schema.rb:18
  [1m[35m (5.2ms)[0m  [1m[35mCREATE TABLE "posts" ("id" bigserial primary key, "title" character varying NOT NULL, "url" character varying, "content" character varying, "sub_id" integer NOT NULL, "author_id" integer NOT NULL, "created_at" timestamp NOT NULL, "updated_at" timestamp NOT NULL)[0m
  ↳ db/schema.rb:18
  [1m[35m (0.6ms)[0m  [1m[35mCREATE  INDEX  "index_posts_on_author_id" ON "posts"  ("author_id")[0m
  ↳ db/schema.rb:18
  [1m[35m (0.6ms)[0m  [1m[35mCREATE  INDEX  "index_posts_on_sub_id" ON "posts"  ("sub_id")[0m
  ↳ db/schema.rb:18
  [1m[35m (2.1ms)[0m  [1m[35mDROP TABLE IF EXISTS "subs" CASCADE[0m
  ↳ db/schema.rb:30
  [1m[35m (2.6ms)[0m  [1m[35mCREATE TABLE "subs" ("id" bigserial primary key, "title" character varying NOT NULL, "description" character varying NOT NULL, "mod_id" integer NOT NULL, "created_at" timestamp NOT NULL, "updated_at" timestamp NOT NULL)[0m
  ↳ db/schema.rb:30
  [1m[35m (0.7ms)[0m  [1m[35mCREATE  INDEX  "index_subs_on_mod_id" ON "subs"  ("mod_id")[0m
  ↳ db/schema.rb:30
  [1m[35m (3.3ms)[0m  [1m[35mCREATE UNIQUE INDEX  "index_subs_on_title" ON "subs"  ("title")[0m
  ↳ db/schema.rb:30
  [1m[35m (2.2ms)[0m  [1m[35mDROP TABLE IF EXISTS "users" CASCADE[0m
  ↳ db/schema.rb:40
  [1m[35m (4.1ms)[0m  [1m[35mCREATE TABLE "users" ("id" bigserial primary key, "username" character varying NOT NULL, "session_token" character varying NOT NULL, "password_digest" character varying NOT NULL, "created_at" timestamp NOT NULL, "updated_at" timestamp NOT NULL)[0m
  ↳ db/schema.rb:40
  [1m[35m (1.5ms)[0m  [1m[35mCREATE UNIQUE INDEX  "index_users_on_session_token" ON "users"  ("session_token")[0m
  ↳ db/schema.rb:40
  [1m[35m (1.4ms)[0m  [1m[35mCREATE UNIQUE INDEX  "index_users_on_username" ON "users"  ("username")[0m
  ↳ db/schema.rb:40
  [1m[35m (1.0ms)[0m  [1m[34mSELECT "schema_migrations"."version" FROM "schema_migrations" ORDER BY "schema_migrations"."version" ASC[0m
  ↳ db/schema.rb:13
  [1m[36mActiveRecord::InternalMetadata Load (0.4ms)[0m  [1m[34mSELECT  "ar_internal_metadata".* FROM "ar_internal_metadata" WHERE "ar_internal_metadata"."key" = $1 LIMIT $2[0m  [["key", "environment"], ["LIMIT", 1]]
  ↳ db/schema.rb:13
  [1m[35m (0.1ms)[0m  [1m[35mBEGIN[0m
  ↳ db/schema.rb:13
  [1m[36mActiveRecord::InternalMetadata Update (1.1ms)[0m  [1m[33mUPDATE "ar_internal_metadata" SET "value" = $1, "updated_at" = $2 WHERE "ar_internal_metadata"."key" = $3[0m  [["value", "development"], ["updated_at", "2021-10-15 23:36:05.537903"], ["key", "environment"]]
  ↳ db/schema.rb:13
  [1m[35m (0.1ms)[0m  [1m[35mCOMMIT[0m
  ↳ db/schema.rb:13
  [1m[36mActiveRecord::InternalMetadata Load (0.1ms)[0m  [1m[34mSELECT  "ar_internal_metadata".* FROM "ar_internal_metadata" WHERE "ar_internal_metadata"."key" = $1 LIMIT $2[0m  [["key", "environment"], ["LIMIT", 1]]
  ↳ bin/rails:9
  [1m[35m (0.1ms)[0m  [1m[35mBEGIN[0m
  ↳ bin/rails:9
  [1m[36mActiveRecord::InternalMetadata Update (0.2ms)[0m  [1m[33mUPDATE "ar_internal_metadata" SET "value" = $1, "updated_at" = $2 WHERE "ar_internal_metadata"."key" = $3[0m  [["value", "test"], ["updated_at", "2021-10-15 23:36:05.541384"], ["key", "environment"]]
  ↳ bin/rails:9
  [1m[35m (0.1ms)[0m  [1m[35mCOMMIT[0m
  ↳ bin/rails:9
  [1m[35m (0.6ms)[0m  [1m[34mSELECT "schema_migrations"."version" FROM "schema_migrations" ORDER BY "schema_migrations"."version" ASC[0m
  ↳ bin/rails:9
Started GET "/users" for ::1 at 2021-10-15 16:57:50 -0700
  [1m[35m (0.3ms)[0m  [1m[34mSELECT "schema_migrations"."version" FROM "schema_migrations" ORDER BY "schema_migrations"."version" ASC[0m
  ↳ /home/emmetthe/.rbenv/versions/2.5.1/lib/ruby/gems/2.5.0/gems/activerecord-5.2.6/lib/active_record/log_subscriber.rb:98
Processing by UsersController#index as HTML
  [1m[36mUser Load (0.3ms)[0m  [1m[34mSELECT  "users".* FROM "users" WHERE "users"."session_token" IS NULL LIMIT $1[0m  [["LIMIT", 1]]
  ↳ app/controllers/application_controller.rb:6
Redirected to http://localhost:3000/session/new
Filter chain halted as :require_login rendered or redirected
Completed 302 Found in 59ms (ActiveRecord: 1.3ms)


Started GET "/session/new" for ::1 at 2021-10-15 16:57:50 -0700
Processing by SessionsController#new as HTML
  Rendering sessions/new.html.erb within layouts/application
  Rendered sessions/new.html.erb within layouts/application (0.8ms)
  [1m[36mUser Load (0.4ms)[0m  [1m[34mSELECT  "users".* FROM "users" WHERE "users"."session_token" IS NULL LIMIT $1[0m  [["LIMIT", 1]]
  ↳ app/controllers/application_controller.rb:6
Completed 200 OK in 2627ms (Views: 2626.3ms | ActiveRecord: 0.4ms)


Started GET "/users/new" for ::1 at 2021-10-15 16:58:18 -0700
Processing by UsersController#new as HTML
  Rendering users/new.html.erb within layouts/application
  Rendered users/new.html.erb within layouts/application (87.1ms)
Completed 500 Internal Server Error in 224ms (ActiveRecord: 2.1ms)



ActionController::UrlGenerationError - No route matches {:action=>"show", :controller=>"users", :id=>nil}, missing required keys: [:id]:
  app/views/users/new.html.erb:3:in `_app_views_users_new_html_erb___1757026418877364092_70203997900040'
  app/controllers/users_controller.rb:7:in `new'

Started POST "/__better_errors/1447cf5af0fb6f2d/variables" for ::1 at 2021-10-15 16:58:19 -0700
Started GET "/users/new" for ::1 at 2021-10-15 17:00:43 -0700
Processing by UsersController#new as HTML
  Rendering users/new.html.erb within layouts/application
  Rendered users/new.html.erb within layouts/application (0.5ms)
  [1m[36mUser Load (0.3ms)[0m  [1m[34mSELECT  "users".* FROM "users" WHERE "users"."session_token" IS NULL LIMIT $1[0m  [["LIMIT", 1]]
  ↳ app/controllers/application_controller.rb:6
Completed 200 OK in 447ms (Views: 445.8ms | ActiveRecord: 0.5ms)


Started GET "/users/new" for ::1 at 2021-10-15 17:00:45 -0700
Processing by UsersController#new as HTML
  Rendering users/new.html.erb within layouts/application
  Rendered users/new.html.erb within layouts/application (0.6ms)
  [1m[36mUser Load (0.2ms)[0m  [1m[34mSELECT  "users".* FROM "users" WHERE "users"."session_token" IS NULL LIMIT $1[0m  [["LIMIT", 1]]
  ↳ app/controllers/application_controller.rb:6
Completed 200 OK in 438ms (Views: 436.7ms | ActiveRecord: 0.2ms)


Started GET "/users/new" for ::1 at 2021-10-15 17:00:46 -0700
Processing by UsersController#new as HTML
  Rendering users/new.html.erb within layouts/application
  Rendered users/new.html.erb within layouts/application (0.9ms)
  [1m[36mUser Load (0.3ms)[0m  [1m[34mSELECT  "users".* FROM "users" WHERE "users"."session_token" IS NULL LIMIT $1[0m  [["LIMIT", 1]]
  ↳ app/controllers/application_controller.rb:6
Completed 200 OK in 445ms (Views: 443.5ms | ActiveRecord: 0.3ms)


Started GET "/users/new" for ::1 at 2021-10-15 17:00:48 -0700
Processing by UsersController#new as HTML
  Rendering users/new.html.erb within layouts/application
  Rendered users/new.html.erb within layouts/application (0.5ms)
  [1m[36mUser Load (0.3ms)[0m  [1m[34mSELECT  "users".* FROM "users" WHERE "users"."session_token" IS NULL LIMIT $1[0m  [["LIMIT", 1]]
  ↳ app/controllers/application_controller.rb:6
Completed 200 OK in 459ms (Views: 457.9ms | ActiveRecord: 0.3ms)


Started GET "/users/new" for ::1 at 2021-10-15 17:00:49 -0700
Processing by UsersController#new as HTML
  Rendering users/new.html.erb within layouts/application
  Rendered users/new.html.erb within layouts/application (0.9ms)
Started GET "/session/new" for ::1 at 2021-10-15 17:00:49 -0700
Processing by SessionsController#new as HTML
  Rendering sessions/new.html.erb within layouts/application
  Rendered sessions/new.html.erb within layouts/application (1.1ms)
Started GET "/session/new" for ::1 at 2021-10-15 17:00:49 -0700
Processing by SessionsController#new as HTML
  [1m[36mUser Load (43.7ms)[0m  [1m[34mSELECT  "users".* FROM "users" WHERE "users"."session_token" IS NULL LIMIT $1[0m  [["LIMIT", 1]]
  ↳ app/controllers/application_controller.rb:6
Completed 200 OK in 624ms (Views: 579.0ms | ActiveRecord: 43.7ms)


Started GET "/session/new" for ::1 at 2021-10-15 17:00:50 -0700
  Rendering sessions/new.html.erb within layouts/application
  Rendered sessions/new.html.erb within layouts/application (0.4ms)
Processing by SessionsController#new as HTML
  Rendering sessions/new.html.erb within layouts/application
  Rendered sessions/new.html.erb within layouts/application (0.8ms)
  [1m[36mUser Load (0.7ms)[0m  [1m[34mSELECT  "users".* FROM "users" WHERE "users"."session_token" IS NULL LIMIT $1[0m  [["LIMIT", 1]]
  ↳ app/controllers/application_controller.rb:6
Completed 200 OK in 638ms (Views: 636.6ms | ActiveRecord: 0.7ms)


  [1m[36mUser Load (0.4ms)[0m  [1m[34mSELECT  "users".* FROM "users" WHERE "users"."session_token" IS NULL LIMIT $1[0m  [["LIMIT", 1]]
  ↳ app/controllers/application_controller.rb:6
Completed 200 OK in 497ms (Views: 495.8ms | ActiveRecord: 0.8ms)


  [1m[36mUser Load (0.3ms)[0m  [1m[34mSELECT  "users".* FROM "users" WHERE "users"."session_token" IS NULL LIMIT $1[0m  [["LIMIT", 1]]
  ↳ app/controllers/application_controller.rb:6
Completed 200 OK in 375ms (Views: 374.6ms | ActiveRecord: 0.3ms)


Started GET "/users/new" for ::1 at 2021-10-15 17:00:52 -0700
Processing by UsersController#new as HTML
  Rendering users/new.html.erb within layouts/application
  Rendered users/new.html.erb within layouts/application (0.5ms)
  [1m[36mUser Load (0.2ms)[0m  [1m[34mSELECT  "users".* FROM "users" WHERE "users"."session_token" IS NULL LIMIT $1[0m  [["LIMIT", 1]]
  ↳ app/controllers/application_controller.rb:6
Completed 200 OK in 447ms (Views: 446.3ms | ActiveRecord: 0.2ms)


Started GET "/session/new" for ::1 at 2021-10-15 17:00:54 -0700
Processing by SessionsController#new as HTML
  Rendering sessions/new.html.erb within layouts/application
  Rendered sessions/new.html.erb within layouts/application (0.6ms)
  [1m[36mUser Load (0.2ms)[0m  [1m[34mSELECT  "users".* FROM "users" WHERE "users"."session_token" IS NULL LIMIT $1[0m  [["LIMIT", 1]]
  ↳ app/controllers/application_controller.rb:6
Completed 200 OK in 439ms (Views: 438.1ms | ActiveRecord: 0.2ms)


Started GET "/users/new" for ::1 at 2021-10-15 17:00:55 -0700
Processing by UsersController#new as HTML
  Rendering users/new.html.erb within layouts/application
  Rendered users/new.html.erb within layouts/application (0.7ms)
  [1m[36mUser Load (0.2ms)[0m  [1m[34mSELECT  "users".* FROM "users" WHERE "users"."session_token" IS NULL LIMIT $1[0m  [["LIMIT", 1]]
  ↳ app/controllers/application_controller.rb:6
Completed 200 OK in 399ms (Views: 397.9ms | ActiveRecord: 0.2ms)


Started POST "/users" for ::1 at 2021-10-15 17:01:02 -0700
Processing by UsersController#create as HTML
  Parameters: {"authenticity_token"=>"form_authenticity_token", "user"=>{"username"=>"test", "password"=>"[FILTERED]"}}
Can't verify CSRF token authenticity.
Completed 422 Unprocessable Entity in 2ms (ActiveRecord: 0.0ms)



ActionController::InvalidAuthenticityToken - ActionController::InvalidAuthenticityToken:

Started POST "/__better_errors/bf540c3518352be0/variables" for ::1 at 2021-10-15 17:01:02 -0700
Started GET "/users" for ::1 at 2021-10-15 17:02:11 -0700
Processing by UsersController#index as HTML
  [1m[36mUser Load (0.2ms)[0m  [1m[34mSELECT  "users".* FROM "users" WHERE "users"."session_token" IS NULL LIMIT $1[0m  [["LIMIT", 1]]
  ↳ app/controllers/application_controller.rb:6
Redirected to http://localhost:3000/session/new
Filter chain halted as :require_login rendered or redirected
Completed 302 Found in 3ms (ActiveRecord: 0.2ms)


Started GET "/session/new" for ::1 at 2021-10-15 17:02:11 -0700
Processing by SessionsController#new as HTML
  Rendering sessions/new.html.erb within layouts/application
  Rendered sessions/new.html.erb within layouts/application (0.4ms)
  [1m[36mUser Load (0.2ms)[0m  [1m[34mSELECT  "users".* FROM "users" WHERE "users"."session_token" IS NULL LIMIT $1[0m  [["LIMIT", 1]]
  ↳ app/controllers/application_controller.rb:6
Completed 200 OK in 460ms (Views: 459.2ms | ActiveRecord: 0.2ms)


Started GET "/users/new" for ::1 at 2021-10-15 17:02:13 -0700
Processing by UsersController#new as HTML
  Rendering users/new.html.erb within layouts/application
  Rendered users/new.html.erb within layouts/application (0.5ms)
  [1m[36mUser Load (0.2ms)[0m  [1m[34mSELECT  "users".* FROM "users" WHERE "users"."session_token" IS NULL LIMIT $1[0m  [["LIMIT", 1]]
  ↳ app/controllers/application_controller.rb:6
Completed 200 OK in 353ms (Views: 352.8ms | ActiveRecord: 0.2ms)


Started GET "/session/new" for ::1 at 2021-10-15 17:02:15 -0700
Processing by SessionsController#new as HTML
  Rendering sessions/new.html.erb within layouts/application
  Rendered sessions/new.html.erb within layouts/application (0.4ms)
  [1m[36mUser Load (0.2ms)[0m  [1m[34mSELECT  "users".* FROM "users" WHERE "users"."session_token" IS NULL LIMIT $1[0m  [["LIMIT", 1]]
  ↳ app/controllers/application_controller.rb:6
Completed 200 OK in 451ms (Views: 450.3ms | ActiveRecord: 0.2ms)


Started GET "/users/new" for ::1 at 2021-10-15 17:02:15 -0700
Processing by UsersController#new as HTML
  Rendering users/new.html.erb within layouts/application
  Rendered users/new.html.erb within layouts/application (1.0ms)
  [1m[36mUser Load (0.2ms)[0m  [1m[34mSELECT  "users".* FROM "users" WHERE "users"."session_token" IS NULL LIMIT $1[0m  [["LIMIT", 1]]
  ↳ app/controllers/application_controller.rb:6
Completed 200 OK in 443ms (Views: 442.5ms | ActiveRecord: 0.2ms)


Started POST "/users" for ::1 at 2021-10-15 17:02:21 -0700
Processing by UsersController#create as HTML
  Parameters: {"authenticity_token"=>"form_authenticity_token", "user"=>{"username"=>"test", "password"=>"[FILTERED]"}}
Can't verify CSRF token authenticity.
Completed 422 Unprocessable Entity in 1ms (ActiveRecord: 0.0ms)



ActionController::InvalidAuthenticityToken - ActionController::InvalidAuthenticityToken:

Started POST "/__better_errors/7464fadcfa4b9d16/variables" for ::1 at 2021-10-15 17:02:21 -0700
